<?xml version="1.0" encoding="UTF-8"?>
<!-- Generated by org.testng.reporters.JUnitReportReporter -->
<testsuite hostname="DESKTOP-7SBMA1P" failures="0" tests="1" name="demoqa.book_store.LoginTests" time="48.427" errors="0" timestamp="2024-10-24T11:20:25 CEST" skipped="0">
  <testcase classname="demoqa.book_store.LoginTests" name="loginPositiveTest" time="48.427"/>
</testsuite> <!-- demoqa.book_store.LoginTests -->
